--2015-06-10 14:53:43--  https://github.com/TransDecoder/TransDecoder/archive/2.0.1.tar.gz
Resolving github.com (github.com)... 192.30.252.129
Connecting to github.com (github.com)|192.30.252.129|:443... connected.
HTTP request sent, awaiting response... 302 Found
Location: https://codeload.github.com/TransDecoder/TransDecoder/tar.gz/2.0.1 [following]
--2015-06-10 14:53:44--  https://codeload.github.com/TransDecoder/TransDecoder/tar.gz/2.0.1
Resolving codeload.github.com (codeload.github.com)... 192.30.252.145
Connecting to codeload.github.com (codeload.github.com)|192.30.252.145|:443... connected.
HTTP request sent, awaiting response... 200 OK
Length: 9925281 (9,5M) [application/x-gzip]
Saving to: ‘src/TransDecoder-2.0.1.tar.gz’

     0K .......... .......... .......... .......... ..........  0%  219K 44s
    50K .......... .......... .......... .......... ..........  1%  442K 33s
   100K .......... .......... .......... .......... ..........  1% 11,2M 22s
   150K .......... .......... .......... .......... ..........  2% 1,25M 18s
   200K .......... .......... .......... .......... ..........  2%  672K 17s
   250K .......... .......... .......... .......... ..........  3% 9,59M 15s
   300K .......... .......... .......... .......... ..........  3% 12,0M 12s
   350K .......... .......... .......... .......... ..........  4%  502K 13s
   400K .......... .......... .......... .......... ..........  4% 10,3M 12s
   450K .......... .......... .......... .......... ..........  5% 8,66M 11s
   500K .......... .......... .......... .......... ..........  5% 12,2M 10s
   550K .......... .......... .......... .......... ..........  6% 11,5M 9s
   600K .......... .......... .......... .......... ..........  6% 11,5M 8s
   650K .......... .......... .......... .......... ..........  7% 11,3M 8s
   700K .......... .......... .......... .......... ..........  7% 12,2M 7s
   750K .......... .......... .......... .......... ..........  8% 11,5M 7s
   800K .......... .......... .......... .......... ..........  8%  619K 7s
   850K .......... .......... .......... .......... ..........  9% 9,16M 7s
   900K .......... .......... .......... .......... ..........  9% 11,5M 6s
   950K .......... .......... .......... .......... .......... 10% 11,5M 6s
  1000K .......... .......... .......... .......... .......... 10% 12,2M 6s
  1050K .......... .......... .......... .......... .......... 11% 11,1M 6s
  1100K .......... .......... .......... .......... .......... 11% 11,7M 5s
  1150K .......... .......... .......... .......... .......... 12% 12,6M 5s
  1200K .......... .......... .......... .......... .......... 12% 10,9M 5s
  1250K .......... .......... .......... .......... .......... 13% 10,9M 5s
  1300K .......... .......... .......... .......... .......... 13% 11,4M 4s
  1350K .......... .......... .......... .......... .......... 14% 8,82M 4s
  1400K .......... .......... .......... .......... .......... 14%  171K 6s
  1450K .......... .......... .......... .......... .......... 15% 40,7M 6s
  1500K .......... .......... .......... .......... .......... 15% 40,0M 5s
  1550K .......... .......... .......... .......... .......... 16% 46,4M 5s
  1600K .......... .......... .......... .......... .......... 17% 72,7M 5s
  1650K .......... .......... .......... .......... .......... 17% 77,2M 5s
  1700K .......... .......... .......... .......... .......... 18% 86,1M 5s
  1750K .......... .......... .......... .......... .......... 18% 82,4M 5s
  1800K .......... .......... .......... .......... .......... 19% 86,1M 4s
  1850K .......... .......... .......... .......... .......... 19% 71,9M 4s
  1900K .......... .......... .......... .......... .......... 20% 84,8M 4s
  1950K .......... .......... .......... .......... .......... 20% 86,0M 4s
  2000K .......... .......... .......... .......... .......... 21% 85,1M 4s
  2050K .......... .......... .......... .......... .......... 21% 77,5M 4s
  2100K .......... .......... .......... .......... .......... 22% 83,9M 4s
  2150K .......... .......... .......... .......... .......... 22% 85,4M 4s
  2200K .......... .......... .......... .......... .......... 23% 91,5M 3s
  2250K .......... .......... .......... .......... .......... 23% 77,7M 3s
  2300K .......... .......... .......... .......... .......... 24% 95,2M 3s
  2350K .......... .......... .......... .......... .......... 24% 93,5M 3s
  2400K .......... .......... .......... .......... .......... 25% 93,1M 3s
  2450K .......... .......... .......... .......... .......... 25%  232K 4s
  2500K .......... .......... .......... .......... .......... 26% 73,8M 4s
  2550K .......... .......... .......... .......... .......... 26% 72,8M 3s
  2600K .......... .......... .......... .......... .......... 27% 80,9M 3s
  2650K .......... .......... .......... .......... .......... 27% 65,8M 3s
  2700K .......... .......... .......... .......... .......... 28% 78,0M 3s
  2750K .......... .......... .......... .......... .......... 28% 80,3M 3s
  2800K .......... .......... .......... .......... .......... 29% 79,0M 3s
  2850K .......... .......... .......... .......... .......... 29% 73,6M 3s
  2900K .......... .......... .......... .......... .......... 30% 75,2M 3s
  2950K .......... .......... .......... .......... .......... 30% 80,8M 3s
  3000K .......... .......... .......... .......... .......... 31% 77,0M 3s
  3050K .......... .......... .......... .......... .......... 31% 67,5M 3s
  3100K .......... .......... .......... .......... .......... 32% 80,9M 3s
  3150K .......... .......... .......... .......... .......... 33% 78,6M 3s
  3200K .......... .......... .......... .......... .......... 33% 78,0M 3s
  3250K .......... .......... .......... .......... .......... 34% 22,7M 2s
  3300K .......... .......... .......... .......... .......... 34% 12,0M 2s
  3350K .......... .......... .......... .......... .......... 35% 12,2M 2s
  3400K .......... .......... .......... .......... .......... 35% 11,5M 2s
  3450K .......... .......... .......... .......... .......... 36%  349K 3s
  3500K .......... .......... .......... .......... .......... 36%  804K 3s
  3550K .......... .......... .......... .......... .......... 37% 9,30M 3s
  3600K .......... .......... .......... .......... .......... 37% 11,5M 2s
  3650K .......... .......... .......... .......... .......... 38% 12,0M 2s
  3700K .......... .......... .......... .......... .......... 38% 34,9M 2s
  3750K .......... .......... .......... .......... .......... 39% 12,6M 2s
  3800K .......... .......... .......... .......... .......... 39% 42,0M 2s
  3850K .......... .......... .......... .......... .......... 40% 66,5M 2s
  3900K .......... .......... .......... .......... .......... 40% 81,3M 2s
  3950K .......... .......... .......... .......... .......... 41% 82,0M 2s
  4000K .......... .......... .......... .......... .......... 41% 77,3M 2s
  4050K .......... .......... .......... .......... .......... 42% 71,7M 2s
  4100K .......... .......... .......... .......... .......... 42% 76,9M 2s
  4150K .......... .......... .......... .......... .......... 43% 6,79M 2s
  4200K .......... .......... .......... .......... .......... 43% 12,2M 2s
  4250K .......... .......... .......... .......... .......... 44% 24,0M 2s
  4300K .......... .......... .......... .......... .......... 44% 95,3M 2s
  4350K .......... .......... .......... .......... .......... 45% 95,8M 2s
  4400K .......... .......... .......... .......... .......... 45% 95,4M 2s
  4450K .......... .......... .......... .......... .......... 46% 83,0M 2s
  4500K .......... .......... .......... .......... .......... 46% 95,3M 2s
  4550K .......... .......... .......... .......... .......... 47% 76,9M 2s
  4600K .......... .......... .......... .......... .......... 47% 76,9M 2s
  4650K .......... .......... .......... .......... .......... 48% 13,1M 2s
  4700K .......... .......... .......... .......... .......... 49% 12,2M 2s
  4750K .......... .......... .......... .......... .......... 49% 11,5M 2s
  4800K .......... .......... .......... .......... .......... 50% 12,2M 2s
  4850K .......... .......... .......... .......... .......... 50%  931K 2s
  4900K .......... .......... .......... .......... .......... 51% 7,84M 2s
  4950K .......... .......... .......... .......... .......... 51% 11,0M 2s
  5000K .......... .......... .......... .......... .......... 52% 10,9M 1s
  5050K .......... .......... .......... .......... .......... 52% 8,95M 1s
  5100K .......... .......... .......... .......... .......... 53% 11,6M 1s
  5150K .......... .......... .......... .......... .......... 53% 11,5M 1s
  5200K .......... .......... .......... .......... .......... 54% 11,4M 1s
  5250K .......... .......... .......... .......... .......... 54% 11,2M 1s
  5300K .......... .......... .......... .......... .......... 55% 11,6M 1s
  5350K .......... .......... .......... .......... .......... 55% 12,2M 1s
  5400K .......... .......... .......... .......... .......... 56% 11,5M 1s
  5450K .......... .......... .......... .......... .......... 56% 8,71M 1s
  5500K .......... .......... .......... .......... .......... 57% 12,2M 1s
  5550K .......... .......... .......... .......... .......... 57%  953K 1s
  5600K .......... .......... .......... .......... .......... 58% 7,05M 1s
  5650K .......... .......... .......... .......... .......... 58% 11,2M 1s
  5700K .......... .......... .......... .......... .......... 59% 9,95M 1s
  5750K .......... .......... .......... .......... .......... 59% 12,2M 1s
  5800K .......... .......... .......... .......... .......... 60% 11,3M 1s
  5850K .......... .......... .......... .......... .......... 60% 8,57M 1s
  5900K .......... .......... .......... .......... .......... 61% 11,7M 1s
  5950K .......... .......... .......... .......... .......... 61% 12,2M 1s
  6000K .......... .......... .......... .......... .......... 62% 11,5M 1s
  6050K .......... .......... .......... .......... .......... 62% 11,3M 1s
  6100K .......... .......... .......... .......... .......... 63% 11,5M 1s
  6150K .......... .......... .......... .......... .......... 63% 12,2M 1s
  6200K .......... .......... .......... .......... .......... 64% 11,5M 1s
  6250K .......... .......... .......... .......... .......... 64% 8,59M 1s
  6300K .......... .......... .......... .......... .......... 65%  931K 1s
  6350K .......... .......... .......... .......... .......... 66% 9,93M 1s
  6400K .......... .......... .......... .......... .......... 66% 11,0M 1s
  6450K .......... .......... .......... .......... .......... 67% 11,0M 1s
  6500K .......... .......... .......... .......... .......... 67% 10,8M 1s
  6550K .......... .......... .......... .......... .......... 68% 11,5M 1s
  6600K .......... .......... .......... .......... .......... 68% 12,2M 1s
  6650K .......... .......... .......... .......... .......... 69% 8,60M 1s
  6700K .......... .......... .......... .......... .......... 69% 11,5M 1s
  6750K .......... .......... .......... .......... .......... 70% 12,2M 1s
  6800K .......... .......... .......... .......... .......... 70% 11,5M 1s
  6850K .......... .......... .......... .......... .......... 71% 11,2M 1s
  6900K .......... .......... .......... .......... .......... 71% 12,3M 1s
  6950K .......... .......... .......... .......... .......... 72% 11,5M 1s
  7000K .......... .......... .......... .......... .......... 72% 11,3M 1s
  7050K .......... .......... .......... .......... .......... 73%  907K 1s
  7100K .......... .......... .......... .......... .......... 73% 11,1M 1s
  7150K .......... .......... .......... .......... .......... 74% 11,3M 1s
  7200K .......... .......... .......... .......... .......... 74% 10,8M 1s
  7250K .......... .......... .......... .......... .......... 75% 10,6M 1s
  7300K .......... .......... .......... .......... .......... 75% 12,2M 1s
  7350K .......... .......... .......... .......... .......... 76% 8,40M 1s
  7400K .......... .......... .......... .......... .......... 76% 12,4M 1s
  7450K .......... .......... .......... .......... .......... 77% 8,63M 1s
  7500K .......... .......... .......... .......... .......... 77% 11,5M 1s
  7550K .......... .......... .......... .......... .......... 78% 11,5M 1s
  7600K .......... .......... .......... .......... .......... 78% 12,2M 1s
  7650K .......... .......... .......... .......... .......... 79% 11,3M 1s
  7700K .......... .......... .......... .......... .......... 79% 11,5M 1s
  7750K .......... .......... .......... .......... .......... 80% 1018K 0s
  7800K .......... .......... .......... .......... .......... 80% 6,35M 0s
  7850K .......... .......... .......... .......... .......... 81% 8,86M 0s
  7900K .......... .......... .......... .......... .......... 82% 11,5M 0s
  7950K .......... .......... .......... .......... .......... 82% 10,7M 0s
  8000K .......... .......... .......... .......... .......... 83% 11,5M 0s
  8050K .......... .......... .......... .......... .......... 83% 10,7M 0s
  8100K .......... .......... .......... .......... .......... 84% 10,0M 0s
  8150K .......... .......... .......... .......... .......... 84% 11,5M 0s
  8200K .......... .......... .......... .......... .......... 85% 11,5M 0s
  8250K .......... .......... .......... .......... .......... 85% 9,00M 0s
  8300K .......... .......... .......... .......... .......... 86% 11,5M 0s
  8350K .......... .......... .......... .......... .......... 86% 11,5M 0s
  8400K .......... .......... .......... .......... .......... 87% 11,3M 0s
  8450K .......... .......... .......... .......... .......... 87% 12,0M 0s
  8500K .......... .......... .......... .......... .......... 88%  999K 0s
  8550K .......... .......... .......... .......... .......... 88% 8,51M 0s
  8600K .......... .......... .......... .......... .......... 89% 11,1M 0s
  8650K .......... .......... .......... .......... .......... 89% 8,60M 0s
  8700K .......... .......... .......... .......... .......... 90% 10,7M 0s
  8750K .......... .......... .......... .......... .......... 90% 12,4M 0s
  8800K .......... .......... .......... .......... .......... 91% 10,1M 0s
  8850K .......... .......... .......... .......... .......... 91% 10,5M 0s
  8900K .......... .......... .......... .......... .......... 92% 10,7M 0s
  8950K .......... .......... .......... .......... .......... 92% 11,7M 0s
  9000K .......... .......... .......... .......... .......... 93% 11,5M 0s
  9050K .......... .......... .......... .......... .......... 93% 8,20M 0s
  9100K .......... .......... .......... .......... .......... 94% 11,5M 0s
  9150K .......... .......... .......... .......... .......... 94% 12,0M 0s
  9200K .......... .......... .......... .......... .......... 95% 11,6M 0s
  9250K .......... .......... .......... .......... .......... 95% 1021K 0s
  9300K .......... .......... .......... .......... .......... 96% 7,36M 0s
  9350K .......... .......... .......... .......... .......... 96% 11,7M 0s
  9400K .......... .......... .......... .......... .......... 97% 9,17M 0s
  9450K .......... .......... .......... .......... .......... 98% 9,00M 0s
  9500K .......... .......... .......... .......... .......... 98% 11,3M 0s
  9550K .......... .......... .......... .......... .......... 99% 11,4M 0s
  9600K .......... .......... .......... .......... .......... 99% 15,1M 0s
  9650K .......... .......... .......... .......... ..        100% 11,3M=2,3s

2015-06-10 14:53:47 (4,08 MB/s) - ‘src/TransDecoder-2.0.1.tar.gz’ saved [9925281/9925281]

