--2015-06-10 11:02:22--  https://github.com/Trinotate/Trinotate/archive/v2.0.2.tar.gz
Resolving github.com (github.com)... 192.30.252.130
Connecting to github.com (github.com)|192.30.252.130|:443... connected.
HTTP request sent, awaiting response... 302 Found
Location: https://codeload.github.com/Trinotate/Trinotate/tar.gz/v2.0.2 [following]
--2015-06-10 11:02:22--  https://codeload.github.com/Trinotate/Trinotate/tar.gz/v2.0.2
Resolving codeload.github.com (codeload.github.com)... 192.30.252.144
Connecting to codeload.github.com (codeload.github.com)|192.30.252.144|:443... connected.
HTTP request sent, awaiting response... 200 OK
Length: 28675352 (27M) [application/x-gzip]
Saving to: ‘src/Trinotate-2.0.2.tar.gz’

     0K .......... .......... .......... .......... ..........  0%  221K 2m7s
    50K .......... .......... .......... .......... ..........  0%  445K 95s
   100K .......... .......... .......... .......... ..........  0% 10,9M 64s
   150K .......... .......... .......... .......... ..........  0% 11,0M 48s
   200K .......... .......... .......... .......... ..........  0%  464K 51s
   250K .......... .......... .......... .......... ..........  1% 9,46M 43s
   300K .......... .......... .......... .......... ..........  1% 11,5M 37s
   350K .......... .......... .......... .......... ..........  1%  498K 39s
   400K .......... .......... .......... .......... ..........  1% 11,3M 35s
   450K .......... .......... .......... .......... ..........  1% 10,7M 32s
   500K .......... .......... .......... .......... ..........  1% 10,9M 29s
   550K .......... .......... .......... .......... ..........  2% 9,26M 27s
   600K .......... .......... .......... .......... ..........  2% 14,7M 25s
   650K .......... .......... .......... .......... ..........  2% 10,5M 23s
   700K .......... .......... .......... .......... ..........  2% 11,4M 22s
   750K .......... .......... .......... .......... ..........  2%  613K 23s
   800K .......... .......... .......... .......... ..........  3% 10,6M 22s
   850K .......... .......... .......... .......... ..........  3% 11,0M 21s
   900K .......... .......... .......... .......... ..........  3% 7,87M 20s
   950K .......... .......... .......... .......... ..........  3% 10,8M 19s
  1000K .......... .......... .......... .......... ..........  3% 11,3M 18s
  1050K .......... .......... .......... .......... ..........  3% 9,32M 17s
  1100K .......... .......... .......... .......... ..........  4% 14,0M 17s
  1150K .......... .......... .......... .......... ..........  4% 10,5M 16s
  1200K .......... .......... .......... .......... ..........  4% 11,4M 15s
  1250K .......... .......... .......... .......... ..........  4% 10,9M 15s
  1300K .......... .......... .......... .......... ..........  4%  349K 17s
  1350K .......... .......... .......... .......... ..........  4% 26,3M 17s
  1400K .......... .......... .......... .......... ..........  5% 22,6M 16s
  1450K .......... .......... .......... .......... ..........  5% 32,6M 15s
  1500K .......... .......... .......... .......... ..........  5% 66,4M 15s
  1550K .......... .......... .......... .......... ..........  5% 98,5M 14s
  1600K .......... .......... .......... .......... ..........  5% 64,1M 14s
  1650K .......... .......... .......... .......... ..........  6% 61,6M 14s
  1700K .......... .......... .......... .......... ..........  6% 64,6M 13s
  1750K .......... .......... .......... .......... ..........  6% 63,5M 13s
  1800K .......... .......... .......... .......... ..........  6% 64,4M 12s
  1850K .......... .......... .......... .......... ..........  6% 74,9M 12s
  1900K .......... .......... .......... .......... ..........  6% 82,5M 12s
  1950K .......... .......... .......... .......... ..........  7% 63,8M 11s
  2000K .......... .......... .......... .......... ..........  7% 65,1M 11s
  2050K .......... .......... .......... .......... ..........  7% 63,3M 11s
  2100K .......... .......... .......... .......... ..........  7%  652K 12s
  2150K .......... .......... .......... .......... ..........  7% 32,1M 11s
  2200K .......... .......... .......... .......... ..........  8% 19,5M 11s
  2250K .......... .......... .......... .......... ..........  8% 27,0M 11s
  2300K .......... .......... .......... .......... ..........  8% 16,9M 11s
  2350K .......... .......... .......... .......... ..........  8% 23,1M 10s
  2400K .......... .......... .......... .......... ..........  8% 59,6M 10s
  2450K .......... .......... .......... .......... ..........  8% 11,4M 10s
  2500K .......... .......... .......... .......... ..........  9% 48,5M 10s
  2550K .......... .......... .......... .......... ..........  9% 13,6M 10s
  2600K .......... .......... .......... .......... ..........  9% 76,9M 9s
  2650K .......... .......... .......... .......... ..........  9% 52,2M 9s
  2700K .......... .......... .......... .......... ..........  9% 48,9M 9s
  2750K .......... .......... .......... .......... ..........  9% 51,3M 9s
  2800K .......... .......... .......... .......... .......... 10% 51,1M 9s
  2850K .......... .......... .......... .......... .......... 10% 83,5M 9s
  2900K .......... .......... .......... .......... .......... 10% 51,5M 8s
  2950K .......... .......... .......... .......... .......... 10% 44,4M 8s
  3000K .......... .......... .......... .......... .......... 10% 15,8M 8s
  3050K .......... .......... .......... .......... .......... 11% 10,6M 8s
  3100K .......... .......... .......... .......... .......... 11% 11,8M 8s
  3150K .......... .......... .......... .......... .......... 11% 10,9M 8s
  3200K .......... .......... .......... .......... .......... 11% 10,9M 8s
  3250K .......... .......... .......... .......... .......... 11% 10,8M 8s
  3300K .......... .......... .......... .......... .......... 11% 4,30M 8s
  3350K .......... .......... .......... .......... .......... 12% 9,77M 7s
  3400K .......... .......... .......... .......... .......... 12% 7,69M 7s
  3450K .......... .......... .......... .......... .......... 12% 7,67M 7s
  3500K .......... .......... .......... .......... .......... 12% 7,69M 7s
  3550K .......... .......... .......... .......... .......... 12% 5,87M 7s
  3600K .......... .......... .......... .......... .......... 13% 11,1M 7s
  3650K .......... .......... .......... .......... .......... 13% 2,39M 7s
  3700K .......... .......... .......... .......... .......... 13% 11,1M 7s
  3750K .......... .......... .......... .......... .......... 13% 11,6M 7s
  3800K .......... .......... .......... .......... .......... 13% 9,62M 7s
  3850K .......... .......... .......... .......... .......... 13% 12,5M 7s
  3900K .......... .......... .......... .......... .......... 14% 10,9M 7s
  3950K .......... .......... .......... .......... .......... 14% 10,8M 7s
  4000K .......... .......... .......... .......... .......... 14% 8,85M 7s
  4050K .......... .......... .......... .......... .......... 14% 15,2M 6s
  4100K .......... .......... .......... .......... .......... 14% 10,7M 6s
  4150K .......... .......... .......... .......... .......... 14% 10,9M 6s
  4200K .......... .......... .......... .......... .......... 15% 6,37M 6s
  4250K .......... .......... .......... .......... .......... 15% 8,24M 6s
  4300K .......... .......... .......... .......... .......... 15% 8,25M 6s
  4350K .......... .......... .......... .......... .......... 15% 7,93M 6s
  4400K .......... .......... .......... .......... .......... 15% 8,15M 6s
  4450K .......... .......... .......... .......... .......... 16% 7,55M 6s
  4500K .......... .......... .......... .......... .......... 16% 6,50M 6s
  4550K .......... .......... .......... .......... .......... 16% 4,30M 6s
  4600K .......... .......... .......... .......... .......... 16% 3,69M 6s
  4650K .......... .......... .......... .......... .......... 16% 10,5M 6s
  4700K .......... .......... .......... .......... .......... 16% 10,9M 6s
  4750K .......... .......... .......... .......... .......... 17% 10,9M 6s
  4800K .......... .......... .......... .......... .......... 17% 11,4M 6s
  4850K .......... .......... .......... .......... .......... 17% 10,7M 6s
  4900K .......... .......... .......... .......... .......... 17% 11,1M 6s
  4950K .......... .......... .......... .......... .......... 17% 11,4M 6s
  5000K .......... .......... .......... .......... .......... 18% 10,8M 6s
  5050K .......... .......... .......... .......... .......... 18% 9,36M 6s
  5100K .......... .......... .......... .......... .......... 18% 13,9M 5s
  5150K .......... .......... .......... .......... .......... 18% 7,15M 5s
  5200K .......... .......... .......... .......... .......... 18% 8,51M 5s
  5250K .......... .......... .......... .......... .......... 18% 7,02M 5s
  5300K .......... .......... .......... .......... .......... 19% 6,52M 5s
  5350K .......... .......... .......... .......... .......... 19% 14,9M 5s
  5400K .......... .......... .......... .......... .......... 19% 7,42M 5s
  5450K .......... .......... .......... .......... .......... 19% 7,81M 5s
  5500K .......... .......... .......... .......... .......... 19% 2,32M 5s
  5550K .......... .......... .......... .......... .......... 19% 8,74M 5s
  5600K .......... .......... .......... .......... .......... 20% 12,8M 5s
  5650K .......... .......... .......... .......... .......... 20% 11,0M 5s
  5700K .......... .......... .......... .......... .......... 20% 11,3M 5s
  5750K .......... .......... .......... .......... .......... 20% 11,0M 5s
  5800K .......... .......... .......... .......... .......... 20% 8,88M 5s
  5850K .......... .......... .......... .......... .......... 21% 13,7M 5s
  5900K .......... .......... .......... .......... .......... 21% 10,9M 5s
  5950K .......... .......... .......... .......... .......... 21% 10,9M 5s
  6000K .......... .......... .......... .......... .......... 21% 11,4M 5s
  6050K .......... .......... .......... .......... .......... 21% 10,7M 5s
  6100K .......... .......... .......... .......... .......... 21% 8,65M 5s
  6150K .......... .......... .......... .......... .......... 22% 9,00M 5s
  6200K .......... .......... .......... .......... .......... 22% 6,74M 5s
  6250K .......... .......... .......... .......... .......... 22% 8,77M 5s
  6300K .......... .......... .......... .......... .......... 22% 9,77M 5s
  6350K .......... .......... .......... .......... .......... 22% 7,59M 5s
  6400K .......... .......... .......... .......... .......... 23% 7,59M 5s
  6450K .......... .......... .......... .......... .......... 23% 8,89M 5s
  6500K .......... .......... .......... .......... .......... 23% 2,23M 5s
  6550K .......... .......... .......... .......... .......... 23% 14,9M 5s
  6600K .......... .......... .......... .......... .......... 23% 11,5M 5s
  6650K .......... .......... .......... .......... .......... 23% 11,0M 5s
  6700K .......... .......... .......... .......... .......... 24% 10,7M 5s
  6750K .......... .......... .......... .......... .......... 24% 10,2M 4s
  6800K .......... .......... .......... .......... .......... 24% 12,4M 4s
  6850K .......... .......... .......... .......... .......... 24% 10,9M 4s
  6900K .......... .......... .......... .......... .......... 24% 11,4M 4s
  6950K .......... .......... .......... .......... .......... 24% 11,0M 4s
  7000K .......... .......... .......... .......... .......... 25% 10,9M 4s
  7050K .......... .......... .......... .......... .......... 25% 10,9M 4s
  7100K .......... .......... .......... .......... .......... 25% 7,17M 4s
  7150K .......... .......... .......... .......... .......... 25% 8,56M 4s
  7200K .......... .......... .......... .......... .......... 25% 9,78M 4s
  7250K .......... .......... .......... .......... .......... 26% 8,51M 4s
  7300K .......... .......... .......... .......... .......... 26% 8,97M 4s
  7350K .......... .......... .......... .......... .......... 26% 6,48M 4s
  7400K .......... .......... .......... .......... .......... 26% 8,80M 4s
  7450K .......... .......... .......... .......... .......... 26% 2,42M 4s
  7500K .......... .......... .......... .......... .......... 26% 10,4M 4s
  7550K .......... .......... .......... .......... .......... 27% 11,4M 4s
  7600K .......... .......... .......... .......... .......... 27% 10,9M 4s
  7650K .......... .......... .......... .......... .......... 27% 9,31M 4s
  7700K .......... .......... .......... .......... .......... 27% 13,1M 4s
  7750K .......... .......... .......... .......... .......... 27% 11,4M 4s
  7800K .......... .......... .......... .......... .......... 28% 10,9M 4s
  7850K .......... .......... .......... .......... .......... 28% 10,8M 4s
  7900K .......... .......... .......... .......... .......... 28% 11,2M 4s
  7950K .......... .......... .......... .......... .......... 28% 11,2M 4s
  8000K .......... .......... .......... .......... .......... 28% 10,4M 4s
  8050K .......... .......... .......... .......... .......... 28% 11,4M 4s
  8100K .......... .......... .......... .......... .......... 29% 6,25M 4s
  8150K .......... .......... .......... .......... .......... 29% 11,9M 4s
  8200K .......... .......... .......... .......... .......... 29% 10,8M 4s
  8250K .......... .......... .......... .......... .......... 29% 8,46M 4s
  8300K .......... .......... .......... .......... .......... 29% 7,42M 4s
  8350K .......... .......... .......... .......... .......... 29% 6,57M 4s
  8400K .......... .......... .......... .......... .......... 30% 12,9M 4s
  8450K .......... .......... .......... .......... .......... 30% 2,36M 4s
  8500K .......... .......... .......... .......... .......... 30% 9,70M 4s
  8550K .......... .......... .......... .......... .......... 30% 11,3M 4s
  8600K .......... .......... .......... .......... .......... 30% 10,3M 4s
  8650K .......... .......... .......... .......... .......... 31% 12,5M 4s
  8700K .......... .......... .......... .......... .......... 31% 10,3M 4s
  8750K .......... .......... .......... .......... .......... 31% 11,4M 4s
  8800K .......... .......... .......... .......... .......... 31% 10,9M 4s
  8850K .......... .......... .......... .......... .......... 31% 9,31M 4s
  8900K .......... .......... .......... .......... .......... 31% 13,1M 4s
  8950K .......... .......... .......... .......... .......... 32% 11,4M 4s
  9000K .......... .......... .......... .......... .......... 32% 10,9M 4s
  9050K .......... .......... .......... .......... .......... 32% 10,9M 4s
  9100K .......... .......... .......... .......... .......... 32% 8,00M 4s
  9150K .......... .......... .......... .......... .......... 32% 10,7M 3s
  9200K .......... .......... .......... .......... .......... 33% 9,67M 3s
  9250K .......... .......... .......... .......... .......... 33% 9,03M 3s
  9300K .......... .......... .......... .......... .......... 33% 7,65M 3s
  9350K .......... .......... .......... .......... .......... 33% 7,90M 3s
  9400K .......... .......... .......... .......... .......... 33% 8,71M 3s
  9450K .......... .......... .......... .......... .......... 33% 2,47M 3s
  9500K .......... .......... .......... .......... .......... 34% 10,2M 3s
  9550K .......... .......... .......... .......... .......... 34% 10,8M 3s
  9600K .......... .......... .......... .......... .......... 34% 10,3M 3s
  9650K .......... .......... .......... .......... .......... 34% 7,39M 3s
  9700K .......... .......... .......... .......... .......... 34% 13,9M 3s
  9750K .......... .......... .......... .......... .......... 34% 11,0M 3s
  9800K .......... .......... .......... .......... .......... 35% 10,9M 3s
  9850K .......... .......... .......... .......... .......... 35% 11,4M 3s
  9900K .......... .......... .......... .......... .......... 35% 10,1M 3s
  9950K .......... .......... .......... .......... .......... 35% 11,8M 3s
 10000K .......... .......... .......... .......... .......... 35% 10,8M 3s
 10050K .......... .......... .......... .......... .......... 36% 11,4M 3s
 10100K .......... .......... .......... .......... .......... 36% 9,30M 3s
 10150K .......... .......... .......... .......... .......... 36% 13,4M 3s
 10200K .......... .......... .......... .......... .......... 36% 10,6M 3s
 10250K .......... .......... .......... .......... .......... 36% 8,60M 3s
 10300K .......... .......... .......... .......... .......... 36% 9,37M 3s
 10350K .......... .......... .......... .......... .......... 37% 7,94M 3s
 10400K .......... .......... .......... .......... .......... 37% 8,72M 3s
 10450K .......... .......... .......... .......... .......... 37% 2,44M 3s
 10500K .......... .......... .......... .......... .......... 37% 9,46M 3s
 10550K .......... .......... .......... .......... .......... 37% 10,3M 3s
 10600K .......... .......... .......... .......... .......... 38% 9,58M 3s
 10650K .......... .......... .......... .......... .......... 38% 12,5M 3s
 10700K .......... .......... .......... .......... .......... 38% 8,54M 3s
 10750K .......... .......... .......... .......... .......... 38% 10,9M 3s
 10800K .......... .......... .......... .......... .......... 38% 10,8M 3s
 10850K .......... .......... .......... .......... .......... 38% 9,30M 3s
 10900K .......... .......... .......... .......... .......... 39% 14,0M 3s
 10950K .......... .......... .......... .......... .......... 39% 10,9M 3s
 11000K .......... .......... .......... .......... .......... 39% 10,9M 3s
 11050K .......... .......... .......... .......... .......... 39% 10,9M 3s
 11100K .......... .......... .......... .......... .......... 39% 11,3M 3s
 11150K .......... .......... .......... .......... .......... 39% 11,0M 3s
 11200K .......... .......... .......... .......... .......... 40% 9,26M 3s
 11250K .......... .......... .......... .......... .......... 40% 14,0M 3s
 11300K .......... .......... .......... .......... .......... 40% 8,34M 3s
 11350K .......... .......... .......... .......... .......... 40% 8,62M 3s
 11400K .......... .......... .......... .......... .......... 40% 8,30M 3s
 11450K .......... .......... .......... .......... .......... 41% 3,87M 3s
 11500K .......... .......... .......... .......... .......... 41% 3,75M 3s
 11550K .......... .......... .......... .......... .......... 41% 11,7M 3s
 11600K .......... .......... .......... .......... .......... 41% 10,9M 3s
 11650K .......... .......... .......... .......... .......... 41% 10,3M 3s
 11700K .......... .......... .......... .......... .......... 41% 8,28M 3s
 11750K .......... .......... .......... .......... .......... 42% 12,6M 3s
 11800K .......... .......... .......... .......... .......... 42% 10,8M 3s
 11850K .......... .......... .......... .......... .......... 42% 10,9M 3s
 11900K .......... .......... .......... .......... .......... 42% 10,6M 3s
 11950K .......... .......... .......... .......... .......... 42% 9,25M 3s
 12000K .......... .......... .......... .......... .......... 43% 14,0M 3s
 12050K .......... .......... .......... .......... .......... 43% 10,9M 3s
 12100K .......... .......... .......... .......... .......... 43% 10,9M 3s
 12150K .......... .......... .......... .......... .......... 43% 11,5M 3s
 12200K .......... .......... .......... .......... .......... 43% 10,6M 3s
 12250K .......... .......... .......... .......... .......... 43% 11,2M 3s
 12300K .......... .......... .......... .......... .......... 44% 10,9M 3s
 12350K .......... .......... .......... .......... .......... 44% 9,99M 3s
 12400K .......... .......... .......... .......... .......... 44% 7,17M 3s
 12450K .......... .......... .......... .......... .......... 44% 10,3M 3s
 12500K .......... .......... .......... .......... .......... 44% 9,52M 3s
 12550K .......... .......... .......... .......... .......... 44% 2,39M 3s
 12600K .......... .......... .......... .......... .......... 45% 10,9M 3s
 12650K .......... .......... .......... .......... .......... 45% 8,84M 3s
 12700K .......... .......... .......... .......... .......... 45% 15,2M 3s
 12750K .......... .......... .......... .......... .......... 45% 7,79M 3s
 12800K .......... .......... .......... .......... .......... 45% 11,0M 3s
 12850K .......... .......... .......... .......... .......... 46% 11,4M 2s
 12900K .......... .......... .......... .......... .......... 46% 9,63M 2s
 12950K .......... .......... .......... .......... .......... 46% 12,5M 2s
 13000K .......... .......... .......... .......... .......... 46% 10,9M 2s
 13050K .......... .......... .......... .......... .......... 46% 11,4M 2s
 13100K .......... .......... .......... .......... .......... 46% 10,4M 2s
 13150K .......... .......... .......... .......... .......... 47% 11,4M 2s
 13200K .......... .......... .......... .......... .......... 47% 10,9M 2s
 13250K .......... .......... .......... .......... .......... 47% 10,9M 2s
 13300K .......... .......... .......... .......... .......... 47% 8,45M 2s
 13350K .......... .......... .......... .......... .......... 47% 16,5M 2s
 13400K .......... .......... .......... .......... .......... 48% 10,9M 2s
 13450K .......... .......... .......... .......... .......... 48% 9,70M 2s
 13500K .......... .......... .......... .......... .......... 48% 6,65M 2s
 13550K .......... .......... .......... .......... .......... 48% 5,05M 2s
 13600K .......... .......... .......... .......... .......... 48% 3,46M 2s
 13650K .......... .......... .......... .......... .......... 48% 10,4M 2s
 13700K .......... .......... .......... .......... .......... 49% 11,0M 2s
 13750K .......... .......... .......... .......... .......... 49% 11,4M 2s
 13800K .......... .......... .......... .......... .......... 49% 7,11M 2s
 13850K .......... .......... .......... .......... .......... 49% 14,0M 2s
 13900K .......... .......... .......... .......... .......... 49% 10,9M 2s
 13950K .......... .......... .......... .......... .......... 49% 11,4M 2s
 14000K .......... .......... .......... .......... .......... 50% 10,3M 2s
 14050K .......... .......... .......... .......... .......... 50% 11,2M 2s
 14100K .......... .......... .......... .......... .......... 50% 11,1M 2s
 14150K .......... .......... .......... .......... .......... 50% 10,7M 2s
 14200K .......... .......... .......... .......... .......... 50% 11,0M 2s
 14250K .......... .......... .......... .......... .......... 51% 9,27M 2s
 14300K .......... .......... .......... .......... .......... 51% 14,0M 2s
 14350K .......... .......... .......... .......... .......... 51% 10,9M 2s
 14400K .......... .......... .......... .......... .......... 51% 10,9M 2s
 14450K .......... .......... .......... .......... .......... 51% 11,4M 2s
 14500K .......... .......... .......... .......... .......... 51% 8,10M 2s
 14550K .......... .......... .......... .......... .......... 52% 11,4M 2s
 14600K .......... .......... .......... .......... .......... 52% 8,58M 2s
 14650K .......... .......... .......... .......... .......... 52% 2,59M 2s
 14700K .......... .......... .......... .......... .......... 52% 9,49M 2s
 14750K .......... .......... .......... .......... .......... 52% 10,6M 2s
 14800K .......... .......... .......... .......... .......... 53% 12,4M 2s
 14850K .......... .......... .......... .......... .......... 53% 8,38M 2s
 14900K .......... .......... .......... .......... .......... 53% 10,9M 2s
 14950K .......... .......... .......... .......... .......... 53% 11,5M 2s
 15000K .......... .......... .......... .......... .......... 53% 8,77M 2s
 15050K .......... .......... .......... .......... .......... 53% 14,4M 2s
 15100K .......... .......... .......... .......... .......... 54% 10,2M 2s
 15150K .......... .......... .......... .......... .......... 54% 10,9M 2s
 15200K .......... .......... .......... .......... .......... 54% 8,83M 2s
 15250K .......... .......... .......... .......... .......... 54% 15,0M 2s
 15300K .......... .......... .......... .......... .......... 54% 10,9M 2s
 15350K .......... .......... .......... .......... .......... 54% 10,9M 2s
 15400K .......... .......... .......... .......... .......... 55% 10,9M 2s
 15450K .......... .......... .......... .......... .......... 55% 10,7M 2s
 15500K .......... .......... .......... .......... .......... 55% 11,7M 2s
 15550K .......... .......... .......... .......... .......... 55% 10,9M 2s
 15600K .......... .......... .......... .......... .......... 55% 10,8M 2s
 15650K .......... .......... .......... .......... .......... 56% 8,39M 2s
 15700K .......... .......... .......... .......... .......... 56% 2,53M 2s
 15750K .......... .......... .......... .......... .......... 56% 11,5M 2s
 15800K .......... .......... .......... .......... .......... 56% 10,8M 2s
 15850K .......... .......... .......... .......... .......... 56% 10,9M 2s
 15900K .......... .......... .......... .......... .......... 56% 8,96M 2s
 15950K .......... .......... .......... .......... .......... 57% 8,40M 2s
 16000K .......... .......... .......... .......... .......... 57% 15,3M 2s
 16050K .......... .......... .......... .......... .......... 57% 10,9M 2s
 16100K .......... .......... .......... .......... .......... 57% 10,9M 2s
 16150K .......... .......... .......... .......... .......... 57% 11,0M 2s
 16200K .......... .......... .......... .......... .......... 58% 7,31M 2s
 16250K .......... .......... .......... .......... .......... 58% 13,1M 2s
 16300K .......... .......... .......... .......... .......... 58% 10,9M 2s
 16350K .......... .......... .......... .......... .......... 58% 11,4M 2s
 16400K .......... .......... .......... .......... .......... 58% 8,49M 2s
 16450K .......... .......... .......... .......... .......... 58% 15,2M 2s
 16500K .......... .......... .......... .......... .......... 59% 10,9M 2s
 16550K .......... .......... .......... .......... .......... 59% 10,9M 2s
 16600K .......... .......... .......... .......... .......... 59% 10,8M 2s
 16650K .......... .......... .......... .......... .......... 59% 10,6M 2s
 16700K .......... .......... .......... .......... .......... 59% 11,7M 2s
 16750K .......... .......... .......... .......... .......... 59% 10,9M 2s
 16800K .......... .......... .......... .......... .......... 60% 2,70M 2s
 16850K .......... .......... .......... .......... .......... 60% 10,4M 2s
 16900K .......... .......... .......... .......... .......... 60% 8,17M 2s
 16950K .......... .......... .......... .......... .......... 60% 13,1M 2s
 17000K .......... .......... .......... .......... .......... 60% 10,8M 2s
 17050K .......... .......... .......... .......... .......... 61% 10,0M 2s
 17100K .......... .......... .......... .......... .......... 61% 10,8M 2s
 17150K .......... .......... .......... .......... .......... 61% 8,88M 2s
 17200K .......... .......... .......... .......... .......... 61% 15,0M 2s
 17250K .......... .......... .......... .......... .......... 61% 8,32M 2s
 17300K .......... .......... .......... .......... .......... 61% 10,8M 2s
 17350K .......... .......... .......... .......... .......... 62% 11,5M 2s
 17400K .......... .......... .......... .......... .......... 62% 8,93M 2s
 17450K .......... .......... .......... .......... .......... 62% 11,3M 2s
 17500K .......... .......... .......... .......... .......... 62% 11,3M 2s
 17550K .......... .......... .......... .......... .......... 62% 10,9M 2s
 17600K .......... .......... .......... .......... .......... 63% 10,8M 2s
 17650K .......... .......... .......... .......... .......... 63% 9,36M 2s
 17700K .......... .......... .......... .......... .......... 63% 13,9M 2s
 17750K .......... .......... .......... .......... .......... 63% 10,6M 2s
 17800K .......... .......... .......... .......... .......... 63% 11,2M 2s
 17850K .......... .......... .......... .......... .......... 63% 10,9M 1s
 17900K .......... .......... .......... .......... .......... 64% 2,73M 1s
 17950K .......... .......... .......... .......... .......... 64% 13,3M 1s
 18000K .......... .......... .......... .......... .......... 64% 10,1M 1s
 18050K .......... .......... .......... .......... .......... 64% 10,8M 1s
 18100K .......... .......... .......... .......... .......... 64% 10,8M 1s
 18150K .......... .......... .......... .......... .......... 64% 9,55M 1s
 18200K .......... .......... .......... .......... .......... 65% 11,7M 1s
 18250K .......... .......... .......... .......... .......... 65% 10,9M 1s
 18300K .......... .......... .......... .......... .......... 65% 10,8M 1s
 18350K .......... .......... .......... .......... .......... 65% 8,91M 1s
 18400K .......... .......... .......... .......... .......... 65% 9,57M 1s
 18450K .......... .......... .......... .......... .......... 66% 13,2M 1s
 18500K .......... .......... .......... .......... .......... 66% 9,38M 1s
 18550K .......... .......... .......... .......... .......... 66% 10,9M 1s
 18600K .......... .......... .......... .......... .......... 66% 10,9M 1s
 18650K .......... .......... .......... .......... .......... 66% 10,9M 1s
 18700K .......... .......... .......... .......... .......... 66% 11,4M 1s
 18750K .......... .......... .......... .......... .......... 67% 10,9M 1s
 18800K .......... .......... .......... .......... .......... 67% 10,8M 1s
 18850K .......... .......... .......... .......... .......... 67% 9,64M 1s
 18900K .......... .......... .......... .......... .......... 67% 12,5M 1s
 18950K .......... .......... .......... .......... .......... 67% 11,4M 1s
 19000K .......... .......... .......... .......... .......... 68% 2,97M 1s
 19050K .......... .......... .......... .......... .......... 68% 9,99M 1s
 19100K .......... .......... .......... .......... .......... 68% 8,42M 1s
 19150K .......... .......... .......... .......... .......... 68% 14,1M 1s
 19200K .......... .......... .......... .......... .......... 68% 10,8M 1s
 19250K .......... .......... .......... .......... .......... 68% 10,1M 1s
 19300K .......... .......... .......... .......... .......... 69% 9,17M 1s
 19350K .......... .......... .......... .......... .......... 69% 10,9M 1s
 19400K .......... .......... .......... .......... .......... 69% 10,4M 1s
 19450K .......... .......... .......... .......... .......... 69% 11,4M 1s
 19500K .......... .......... .......... .......... .......... 69% 9,60M 1s
 19550K .......... .......... .......... .......... .......... 69% 12,6M 1s
 19600K .......... .......... .......... .......... .......... 70% 11,3M 1s
 19650K .......... .......... .......... .......... .......... 70% 9,71M 1s
 19700K .......... .......... .......... .......... .......... 70% 8,66M 1s
 19750K .......... .......... .......... .......... .......... 70% 15,7M 1s
 19800K .......... .......... .......... .......... .......... 70% 11,4M 1s
 19850K .......... .......... .......... .......... .......... 71% 10,9M 1s
 19900K .......... .......... .......... .......... .......... 71% 10,9M 1s
 19950K .......... .......... .......... .......... .......... 71% 9,61M 1s
 20000K .......... .......... .......... .......... .......... 71% 12,4M 1s
 20050K .......... .......... .......... .......... .......... 71% 10,9M 1s
 20100K .......... .......... .......... .......... .......... 71% 3,18M 1s
 20150K .......... .......... .......... .......... .......... 72% 9,16M 1s
 20200K .......... .......... .......... .......... .......... 72% 8,87M 1s
 20250K .......... .......... .......... .......... .......... 72% 13,0M 1s
 20300K .......... .......... .......... .......... .......... 72% 10,9M 1s
 20350K .......... .......... .......... .......... .......... 72% 10,7M 1s
 20400K .......... .......... .......... .......... .......... 73% 9,06M 1s
 20450K .......... .......... .......... .......... .......... 73% 10,5M 1s
 20500K .......... .......... .......... .......... .......... 73% 11,1M 1s
 20550K .......... .......... .......... .......... .......... 73% 10,9M 1s
 20600K .......... .......... .......... .......... .......... 73% 10,8M 1s
 20650K .......... .......... .......... .......... .......... 73% 10,9M 1s
 20700K .......... .......... .......... .......... .......... 74% 10,0M 1s
 20750K .......... .......... .......... .......... .......... 74% 11,5M 1s
 20800K .......... .......... .......... .......... .......... 74% 10,9M 1s
 20850K .......... .......... .......... .......... .......... 74% 10,7M 1s
 20900K .......... .......... .......... .......... .......... 74% 8,98M 1s
 20950K .......... .......... .......... .......... .......... 74% 15,1M 1s
 21000K .......... .......... .......... .......... .......... 75% 11,3M 1s
 21050K .......... .......... .......... .......... .......... 75% 10,9M 1s
 21100K .......... .......... .......... .......... .......... 75% 10,9M 1s
 21150K .......... .......... .......... .......... .......... 75% 9,66M 1s
 21200K .......... .......... .......... .......... .......... 75% 9,48M 1s
 21250K .......... .......... .......... .......... .......... 76% 3,40M 1s
 21300K .......... .......... .......... .......... .......... 76% 10,3M 1s
 21350K .......... .......... .......... .......... .......... 76% 10,3M 1s
 21400K .......... .......... .......... .......... .......... 76% 8,79M 1s
 21450K .......... .......... .......... .......... .......... 76% 11,5M 1s
 21500K .......... .......... .......... .......... .......... 76% 11,3M 1s
 21550K .......... .......... .......... .......... .......... 77% 9,61M 1s
 21600K .......... .......... .......... .......... .......... 77% 11,7M 1s
 21650K .......... .......... .......... .......... .......... 77% 11,5M 1s
 21700K .......... .......... .......... .......... .......... 77% 9,03M 1s
 21750K .......... .......... .......... .......... .......... 77% 11,5M 1s
 21800K .......... .......... .......... .......... .......... 78% 11,5M 1s
 21850K .......... .......... .......... .......... .......... 78% 11,3M 1s
 21900K .......... .......... .......... .......... .......... 78% 11,3M 1s
 21950K .......... .......... .......... .......... .......... 78% 11,4M 1s
 22000K .......... .......... .......... .......... .......... 78% 11,5M 1s
 22050K .......... .......... .......... .......... .......... 78% 12,2M 1s
 22100K .......... .......... .......... .......... .......... 79% 8,62M 1s
 22150K .......... .......... .......... .......... .......... 79% 12,2M 1s
 22200K .......... .......... .......... .......... .......... 79% 11,5M 1s
 22250K .......... .......... .......... .......... .......... 79% 11,5M 1s
 22300K .......... .......... .......... .......... .......... 79% 11,3M 1s
 22350K .......... .......... .......... .......... .......... 79% 9,85M 1s
 22400K .......... .......... .......... .......... .......... 80% 3,42M 1s
 22450K .......... .......... .......... .......... .......... 80% 11,0M 1s
 22500K .......... .......... .......... .......... .......... 80% 9,00M 1s
 22550K .......... .......... .......... .......... .......... 80% 10,8M 1s
 22600K .......... .......... .......... .......... .......... 80% 11,5M 1s
 22650K .......... .......... .......... .......... .......... 81% 12,2M 1s
 22700K .......... .......... .......... .......... .......... 81% 9,23M 1s
 22750K .......... .......... .......... .......... .......... 81% 11,5M 1s
 22800K .......... .......... .......... .......... .......... 81% 11,5M 1s
 22850K .......... .......... .......... .......... .......... 81% 11,1M 1s
 22900K .......... .......... .......... .......... .......... 81% 8,83M 1s
 22950K .......... .......... .......... .......... .......... 82% 12,2M 1s
 23000K .......... .......... .......... .......... .......... 82% 8,52M 1s
 23050K .......... .......... .......... .......... .......... 82% 11,5M 1s
 23100K .......... .......... .......... .......... .......... 82% 12,3M 1s
 23150K .......... .......... .......... .......... .......... 82% 11,3M 1s
 23200K .......... .......... .......... .......... .......... 83% 11,7M 1s
 23250K .......... .......... .......... .......... .......... 83% 11,5M 1s
 23300K .......... .......... .......... .......... .......... 83% 9,01M 1s
 23350K .......... .......... .......... .......... .......... 83% 11,3M 1s
 23400K .......... .......... .......... .......... .......... 83% 11,7M 1s
 23450K .......... .......... .......... .......... .......... 83% 11,5M 1s
 23500K .......... .......... .......... .......... .......... 84% 12,0M 1s
 23550K .......... .......... .......... .......... .......... 84% 3,77M 1s
 23600K .......... .......... .......... .......... .......... 84% 10,4M 1s
 23650K .......... .......... .......... .......... .......... 84% 10,7M 1s
 23700K .......... .......... .......... .......... .......... 84% 9,01M 1s
 23750K .......... .......... .......... .......... .......... 84% 11,4M 1s
 23800K .......... .......... .......... .......... .......... 85% 11,5M 1s
 23850K .......... .......... .......... .......... .......... 85% 9,88M 1s
 23900K .......... .......... .......... .......... .......... 85% 10,6M 1s
 23950K .......... .......... .......... .......... .......... 85% 11,5M 1s
 24000K .......... .......... .......... .......... .......... 85% 11,5M 1s
 24050K .......... .......... .......... .......... .......... 86% 11,5M 1s
 24100K .......... .......... .......... .......... .......... 86% 9,01M 1s
 24150K .......... .......... .......... .......... .......... 86% 9,59M 1s
 24200K .......... .......... .......... .......... .......... 86% 11,5M 1s
 24250K .......... .......... .......... .......... .......... 86% 11,5M 1s
 24300K .......... .......... .......... .......... .......... 86% 11,3M 0s
 24350K .......... .......... .......... .......... .......... 87% 11,8M 0s
 24400K .......... .......... .......... .......... .......... 87% 11,7M 0s
 24450K .......... .......... .......... .......... .......... 87% 11,8M 0s
 24500K .......... .......... .......... .......... .......... 87% 9,01M 0s
 24550K .......... .......... .......... .......... .......... 87% 11,5M 0s
 24600K .......... .......... .......... .......... .......... 88% 11,5M 0s
 24650K .......... .......... .......... .......... .......... 88% 12,2M 0s
 24700K .......... .......... .......... .......... .......... 88% 3,85M 0s
 24750K .......... .......... .......... .......... .......... 88% 11,1M 0s
 24800K .......... .......... .......... .......... .......... 88% 10,8M 0s
 24850K .......... .......... .......... .......... .......... 88% 10,8M 0s
 24900K .......... .......... .......... .......... .......... 89% 8,54M 0s
 24950K .......... .......... .......... .......... .......... 89% 11,6M 0s
 25000K .......... .......... .......... .......... .......... 89% 10,8M 0s
 25050K .......... .......... .......... .......... .......... 89% 10,5M 0s
 25100K .......... .......... .......... .......... .......... 89% 10,7M 0s
 25150K .......... .......... .......... .......... .......... 89% 12,1M 0s
 25200K .......... .......... .......... .......... .......... 90% 11,7M 0s
 25250K .......... .......... .......... .......... .......... 90% 10,8M 0s
 25300K .......... .......... .......... .......... .......... 90% 9,02M 0s
 25350K .......... .......... .......... .......... .......... 90% 10,6M 0s
 25400K .......... .......... .......... .......... .......... 90% 11,3M 0s
 25450K .......... .......... .......... .......... .......... 91% 12,4M 0s
 25500K .......... .......... .......... .......... .......... 91%  421K 0s
 25550K .......... .......... .......... .......... .......... 91% 34,3M 0s
 25600K .......... .......... .......... .......... .......... 91% 72,9M 0s
 25650K .......... .......... .......... .......... .......... 91% 76,3M 0s
 25700K .......... .......... .......... .......... .......... 91% 65,5M 0s
 25750K .......... .......... .......... .......... .......... 92% 81,6M 0s
 25800K .......... .......... .......... .......... .......... 92% 79,9M 0s
 25850K .......... .......... .......... .......... .......... 92% 82,5M 0s
 25900K .......... .......... .......... .......... .......... 92% 82,4M 0s
 25950K .......... .......... .......... .......... .......... 92%  142M 0s
 26000K .......... .......... .......... .......... .......... 93%  127M 0s
 26050K .......... .......... .......... .......... .......... 93%  140M 0s
 26100K .......... .......... .......... .......... .......... 93%  113M 0s
 26150K .......... .......... .......... .......... .......... 93%  142M 0s
 26200K .......... .......... .......... .......... .......... 93%  135M 0s
 26250K .......... .......... .......... .......... .......... 93%  142M 0s
 26300K .......... .......... .......... .......... .......... 94%  123M 0s
 26350K .......... .......... .......... .......... .......... 94%  141M 0s
 26400K .......... .......... .......... .......... .......... 94%  135M 0s
 26450K .......... .......... .......... .......... .......... 94%  131M 0s
 26500K .......... .......... .......... .......... .......... 94%  113M 0s
 26550K .......... .......... .......... .......... .......... 94%  141M 0s
 26600K .......... .......... .......... .......... .......... 95%  134M 0s
 26650K .......... .......... .......... .......... .......... 95%  140M 0s
 26700K .......... .......... .......... .......... .......... 95%  130M 0s
 26750K .......... .......... .......... .......... .......... 95%  134M 0s
 26800K .......... .......... .......... .......... .......... 95% 32,5M 0s
 26850K .......... .......... .......... .......... .......... 96% 8,38M 0s
 26900K .......... .......... .......... .......... .......... 96% 6,12M 0s
 26950K .......... .......... .......... .......... .......... 96% 3,56M 0s
 27000K .......... .......... .......... .......... .......... 96% 7,68M 0s
 27050K .......... .......... .......... .......... .......... 96% 7,49M 0s
 27100K .......... .......... .......... .......... .......... 96% 7,91M 0s
 27150K .......... .......... .......... .......... .......... 97% 6,73M 0s
 27200K .......... .......... .......... .......... .......... 97% 8,58M 0s
 27250K .......... .......... .......... .......... .......... 97% 8,44M 0s
 27300K .......... .......... .......... .......... .......... 97% 6,28M 0s
 27350K .......... .......... .......... .......... .......... 97% 7,63M 0s
 27400K .......... .......... .......... .......... .......... 98% 7,80M 0s
 27450K .......... .......... .......... .......... .......... 98% 8,12M 0s
 27500K .......... .......... .......... .......... .......... 98% 7,68M 0s
 27550K .......... .......... .......... .......... .......... 98% 8,93M 0s
 27600K .......... .......... .......... .......... .......... 98% 7,92M 0s
 27650K .......... .......... .......... .......... .......... 98% 7,82M 0s
 27700K .......... .......... .......... .......... .......... 99% 6,36M 0s
 27750K .......... .......... .......... .......... .......... 99% 3,49M 0s
 27800K .......... .......... .......... .......... .......... 99% 8,61M 0s
 27850K .......... .......... .......... .......... .......... 99% 8,19M 0s
 27900K .......... .......... .......... .......... .......... 99% 7,27M 0s
 27950K .......... .......... .......... .......... .......... 99% 7,60M 0s
 28000K ...                                                   100% 31,6M=3,7s

2015-06-10 11:02:26 (7,38 MB/s) - ‘src/Trinotate-2.0.2.tar.gz’ saved [28675352/28675352]

